c:\users\chemy\documents\github\scpp-imgui\x64\debug\vc143.pdb
c:\users\chemy\documents\github\scpp-imgui\x64\debug\vc143.idb
c:\users\chemy\documents\github\scpp-imgui\x64\debug\formatnumber.obj
c:\users\chemy\documents\github\scpp-imgui\x64\debug\documentos.obj
c:\users\chemy\documents\github\scpp-imgui\x64\debug\router.obj
c:\users\chemy\documents\github\scpp-imgui\x64\debug\login.obj
c:\users\chemy\documents\github\scpp-imgui\x64\debug\jsoncpp.obj
c:\users\chemy\documents\github\scpp-imgui\x64\debug\apihelper.obj
c:\users\chemy\documents\github\scpp-imgui\x64\debug\imgui_widgets.obj
c:\users\chemy\documents\github\scpp-imgui\x64\debug\imgui_tables.obj
c:\users\chemy\documents\github\scpp-imgui\x64\debug\imgui_stdlib.obj
c:\users\chemy\documents\github\scpp-imgui\x64\debug\imgui_impl_win32.obj
c:\users\chemy\documents\github\scpp-imgui\x64\debug\imgui_impl_vulkan.obj
c:\users\chemy\documents\github\scpp-imgui\x64\debug\imgui_impl_glfw.obj
c:\users\chemy\documents\github\scpp-imgui\x64\debug\imgui_draw.obj
c:\users\chemy\documents\github\scpp-imgui\x64\debug\imgui_demo.obj
c:\users\chemy\documents\github\scpp-imgui\x64\debug\imgui.obj
c:\users\chemy\documents\github\scpp-imgui\x64\debug\appstate.obj
c:\users\chemy\documents\github\scpp-imgui\x64\debug\app.obj
c:\users\chemy\documents\github\scpp-imgui\x64\debug\scpp-imgui.pdb
c:\users\chemy\documents\github\scpp-imgui\x64\debug\scpp-imgui.tlog\cl.command.1.tlog
c:\users\chemy\documents\github\scpp-imgui\x64\debug\scpp-imgui.tlog\cl.read.1.tlog
c:\users\chemy\documents\github\scpp-imgui\x64\debug\scpp-imgui.tlog\cl.write.1.tlog
c:\users\chemy\documents\github\scpp-imgui\x64\debug\scpp-imgui.tlog\link-cvtres.read.1.tlog
c:\users\chemy\documents\github\scpp-imgui\x64\debug\scpp-imgui.tlog\link-cvtres.write.1.tlog
c:\users\chemy\documents\github\scpp-imgui\x64\debug\scpp-imgui.tlog\link-rc.read.1.tlog
c:\users\chemy\documents\github\scpp-imgui\x64\debug\scpp-imgui.tlog\link-rc.write.1.tlog
c:\users\chemy\documents\github\scpp-imgui\x64\debug\scpp-imgui.tlog\link.7144-cvtres.read.1.tlog
c:\users\chemy\documents\github\scpp-imgui\x64\debug\scpp-imgui.tlog\link.7144-cvtres.write.1.tlog
c:\users\chemy\documents\github\scpp-imgui\x64\debug\scpp-imgui.tlog\link.7144-rc.read.1.tlog
c:\users\chemy\documents\github\scpp-imgui\x64\debug\scpp-imgui.tlog\link.7144-rc.write.1.tlog
c:\users\chemy\documents\github\scpp-imgui\x64\debug\scpp-imgui.tlog\link.7144.read.1.tlog
c:\users\chemy\documents\github\scpp-imgui\x64\debug\scpp-imgui.tlog\link.7144.read.2.tlog
c:\users\chemy\documents\github\scpp-imgui\x64\debug\scpp-imgui.tlog\link.7144.write.1.tlog
c:\users\chemy\documents\github\scpp-imgui\x64\debug\scpp-imgui.tlog\link.command.1.tlog
c:\users\chemy\documents\github\scpp-imgui\x64\debug\scpp-imgui.tlog\link.read.1.tlog
c:\users\chemy\documents\github\scpp-imgui\x64\debug\scpp-imgui.tlog\link.read.2.tlog
c:\users\chemy\documents\github\scpp-imgui\x64\debug\scpp-imgui.tlog\link.write.1.tlog
